1.3265399553265995e+00
1.3244341657998235e+00
1.3166647360507586e+00
1.2905608865989679e+00
1.3479072720866474e+00
1.3418688280916673e+00
1.3274514288522943e+00
1.3426497164899447e+00
1.3900243837516320e+00
1.3552790073208307e+00
1.3184375255982044e+00
1.3938469076171549e+00
1.3428969607160188e+00
1.3309541449885576e+00
1.3083073908336393e+00
1.3553692589085362e+00
1.3479311408578905e+00
1.3803407875196299e+00
1.3502808570131373e+00
1.3141381227031392e+00
1.2976364902289472e+00
1.2997172326529978e+00
1.3813721047580725e+00
1.3721715721738799e+00
1.3676126450974977e+00
1.3368122518823264e+00
1.3572448973050242e+00
1.3464609170203077e+00
1.3866026901574926e+00
1.3235210812400189e+00
1.3505284462600864e+00
1.3115051067513992e+00
1.3878433160755923e+00
1.2618144573663062e+00
1.3290386988010114e+00
1.3485304648686358e+00
1.3061825762783472e+00
1.3775834626472985e+00
1.3097697885901747e+00
1.3329743424423062e+00
1.3770693064281898e+00
1.2820472381490990e+00
1.3371852916804010e+00
1.3138661388572561e+00
1.3276701765006438e+00
1.4056284816452271e+00
1.3288551957469423e+00
1.2850581082467798e+00
1.3224808542427293e+00
1.3799290779283269e+00
1.3317277299418417e+00
1.3859602218773517e+00
